Detecting C compiler ABI info failed to compile with the following output:
Change Dir: /mnt/c/Users/Asus/Desktop/CSE425/Project/Energy-Efficient-High-Performance-Machine-Learning-Algorithms/build/CMakeFiles/CMakeTmp

Run Build Command(s):/usr/bin/gmake -f Makefile cmTC_b13cb/fast && /usr/bin/gmake  -f CMakeFiles/cmTC_b13cb.dir/build.make CMakeFiles/cmTC_b13cb.dir/build
gmake[1]: Entering directory '/mnt/c/Users/Asus/Desktop/CSE425/Project/Energy-Efficient-High-Performance-Machine-Learning-Algorithms/build/CMakeFiles/CMakeTmp'
Building C object CMakeFiles/cmTC_b13cb.dir/CMakeCCompilerABI.c.o
/mnt/c/MinGW/bin/gcc.exe   -v -o CMakeFiles/cmTC_b13cb.dir/CMakeCCompilerABI.c.o -c /usr/share/cmake-3.22/Modules/CMakeCCompilerABI.c
gcc.exe: error: /usr/share/cmake-3.22/Modules/CMakeCCompilerABI.c: No such file or directory
Using built-in specs.
COLLECT_GCC=gcc.exe
Target: mingw32
Configured with: ../src/gcc-6.3.0/configure --build=x86_64-pc-linux-gnu --host=mingw32 --target=mingw32 --with-gmp=/mingw --with-mpfr --with-mpc=/mingw --with-isl=/mingw --prefix=/mingw --disable-win32-registry --with-arch=i586 --with-tune=generic --enable-languages=c,c++,objc,obj-c++,fortran,ada --with-pkgversion='MinGW.org GCC-6.3.0-1' --enable-static --enable-shared --enable-threads --with-dwarf2 --disable-sjlj-exceptions --enable-version-specific-runtime-libs --with-libiconv-prefix=/mingw --with-libintl-prefix=/mingw --enable-libstdcxx-debug --enable-libgomp --disable-libvtv --enable-nls
Thread model: win32
gcc version 6.3.0 (MinGW.org GCC-6.3.0-1) 
Linking C executable cmTC_b13cb
/usr/bin/cmake -E cmake_link_script CMakeFiles/cmTC_b13cb.dir/link.txt --verbose=1
/mnt/c/MinGW/bin/gcc.exe  -v CMakeFiles/cmTC_b13cb.dir/CMakeCCompilerABI.c.o -o cmTC_b13cb 
gcc.exe: error: CMakeFiles/cmTC_b13cb.dir/CMakeCCompilerABI.c.o: No such file or directory
Using built-in specs.
COLLECT_GCC=gcc.exe
COLLECT_LTO_WRAPPER=c:/mingw/bin/../libexec/gcc/mingw32/6.3.0/lto-wrapper.exe
Target: mingw32
Configured with: ../src/gcc-6.3.0/configure --build=x86_64-pc-linux-gnu --host=mingw32 --target=mingw32 --with-gmp=/mingw --with-mpfr --with-mpc=/mingw --with-isl=/mingw --prefix=/mingw --disable-win32-registry --with-arch=i586 --with-tune=generic --enable-languages=c,c++,objc,obj-c++,fortran,ada --with-pkgversion='MinGW.org GCC-6.3.0-1' --enable-static --enable-shared --enable-threads --with-dwarf2 --disable-sjlj-exceptions --enable-version-specific-runtime-libs --with-libiconv-prefix=/mingw --with-libintl-prefix=/mingw --enable-libstdcxx-debug --enable-libgomp --disable-libvtv --enable-nls
Thread model: win32
gcc version 6.3.0 (MinGW.org GCC-6.3.0-1) 
gmake[1]: Leaving directory '/mnt/c/Users/Asus/Desktop/CSE425/Project/Energy-Efficient-High-Performance-Machine-Learning-Algorithms/build/CMakeFiles/CMakeTmp'


Cannot copy output executable
  ''
to destination specified by COPY_FILE:
  '/mnt/c/Users/Asus/Desktop/CSE425/Project/Energy-Efficient-High-Performance-Machine-Learning-Algorithms/build/CMakeFiles/3.22.1/CMakeDetermineCompilerABI_C.bin'
Unable to find the executable at any of:
  /mnt/c/Users/Asus/Desktop/CSE425/Project/Energy-Efficient-High-Performance-Machine-Learning-Algorithms/build/CMakeFiles/CMakeTmp/cmTC_b13cb
  /mnt/c/Users/Asus/Desktop/CSE425/Project/Energy-Efficient-High-Performance-Machine-Learning-Algorithms/build/CMakeFiles/CMakeTmp/Debug/cmTC_b13cb
  /mnt/c/Users/Asus/Desktop/CSE425/Project/Energy-Efficient-High-Performance-Machine-Learning-Algorithms/build/CMakeFiles/CMakeTmp/Development/cmTC_b13cb


Determining if the C compiler works failed with the following output:
Change Dir: /mnt/c/Users/Asus/Desktop/CSE425/Project/Energy-Efficient-High-Performance-Machine-Learning-Algorithms/build/CMakeFiles/CMakeTmp

Run Build Command(s):/usr/bin/gmake -f Makefile cmTC_3be78/fast && /usr/bin/gmake  -f CMakeFiles/cmTC_3be78.dir/build.make CMakeFiles/cmTC_3be78.dir/build
gmake[1]: Entering directory '/mnt/c/Users/Asus/Desktop/CSE425/Project/Energy-Efficient-High-Performance-Machine-Learning-Algorithms/build/CMakeFiles/CMakeTmp'
Building C object CMakeFiles/cmTC_3be78.dir/testCCompiler.c.o
/mnt/c/MinGW/bin/gcc.exe    -o CMakeFiles/cmTC_3be78.dir/testCCompiler.c.o -c /mnt/c/Users/Asus/Desktop/CSE425/Project/Energy-Efficient-High-Performance-Machine-Learning-Algorithms/build/CMakeFiles/CMakeTmp/testCCompiler.c
gcc.exe: error: /mnt/c/Users/Asus/Desktop/CSE425/Project/Energy-Efficient-High-Performance-Machine-Learning-Algorithms/build/CMakeFiles/CMakeTmp/testCCompiler.c: No such file or directory
gcc.exe: fatal error: no input files
compilation terminated.
gmake[1]: *** [CMakeFiles/cmTC_3be78.dir/build.make:78: CMakeFiles/cmTC_3be78.dir/testCCompiler.c.o] Error 1
gmake[1]: Leaving directory '/mnt/c/Users/Asus/Desktop/CSE425/Project/Energy-Efficient-High-Performance-Machine-Learning-Algorithms/build/CMakeFiles/CMakeTmp'
gmake: *** [Makefile:127: cmTC_3be78/fast] Error 2



Detecting C compiler ABI info failed to compile with the following output:
Change Dir: /mnt/c/Users/Asus/Desktop/CSE425/Project/Energy-Efficient-High-Performance-Machine-Learning-Algorithms/build/CMakeFiles/CMakeTmp

Run Build Command(s):/usr/bin/gmake -f Makefile cmTC_8a4e1/fast && /usr/bin/gmake  -f CMakeFiles/cmTC_8a4e1.dir/build.make CMakeFiles/cmTC_8a4e1.dir/build
gmake[1]: Entering directory '/mnt/c/Users/Asus/Desktop/CSE425/Project/Energy-Efficient-High-Performance-Machine-Learning-Algorithms/build/CMakeFiles/CMakeTmp'
Building C object CMakeFiles/cmTC_8a4e1.dir/CMakeCCompilerABI.c.o
/mnt/c/MinGW/bin/gcc.exe   -v -o CMakeFiles/cmTC_8a4e1.dir/CMakeCCompilerABI.c.o -c /usr/share/cmake-3.22/Modules/CMakeCCompilerABI.c
gcc.exe: error: /usr/share/cmake-3.22/Modules/CMakeCCompilerABI.c: No such file or directory
Using built-in specs.
COLLECT_GCC=gcc.exe
Target: mingw32
Configured with: ../src/gcc-6.3.0/configure --build=x86_64-pc-linux-gnu --host=mingw32 --target=mingw32 --with-gmp=/mingw --with-mpfr --with-mpc=/mingw --with-isl=/mingw --prefix=/mingw --disable-win32-registry --with-arch=i586 --with-tune=generic --enable-languages=c,c++,objc,obj-c++,fortran,ada --with-pkgversion='MinGW.org GCC-6.3.0-1' --enable-static --enable-shared --enable-threads --with-dwarf2 --disable-sjlj-exceptions --enable-version-specific-runtime-libs --with-libiconv-prefix=/mingw --with-libintl-prefix=/mingw --enable-libstdcxx-debug --enable-libgomp --disable-libvtv --enable-nls
Thread model: win32
gcc version 6.3.0 (MinGW.org GCC-6.3.0-1) 
Linking C executable cmTC_8a4e1
/usr/bin/cmake -E cmake_link_script CMakeFiles/cmTC_8a4e1.dir/link.txt --verbose=1
/mnt/c/MinGW/bin/gcc.exe  -v CMakeFiles/cmTC_8a4e1.dir/CMakeCCompilerABI.c.o -o cmTC_8a4e1 
gcc.exe: error: CMakeFiles/cmTC_8a4e1.dir/CMakeCCompilerABI.c.o: No such file or directory
Using built-in specs.
COLLECT_GCC=gcc.exe
COLLECT_LTO_WRAPPER=c:/mingw/bin/../libexec/gcc/mingw32/6.3.0/lto-wrapper.exe
Target: mingw32
Configured with: ../src/gcc-6.3.0/configure --build=x86_64-pc-linux-gnu --host=mingw32 --target=mingw32 --with-gmp=/mingw --with-mpfr --with-mpc=/mingw --with-isl=/mingw --prefix=/mingw --disable-win32-registry --with-arch=i586 --with-tune=generic --enable-languages=c,c++,objc,obj-c++,fortran,ada --with-pkgversion='MinGW.org GCC-6.3.0-1' --enable-static --enable-shared --enable-threads --with-dwarf2 --disable-sjlj-exceptions --enable-version-specific-runtime-libs --with-libiconv-prefix=/mingw --with-libintl-prefix=/mingw --enable-libstdcxx-debug --enable-libgomp --disable-libvtv --enable-nls
Thread model: win32
gcc version 6.3.0 (MinGW.org GCC-6.3.0-1) 
gmake[1]: Leaving directory '/mnt/c/Users/Asus/Desktop/CSE425/Project/Energy-Efficient-High-Performance-Machine-Learning-Algorithms/build/CMakeFiles/CMakeTmp'


Cannot copy output executable
  ''
to destination specified by COPY_FILE:
  '/mnt/c/Users/Asus/Desktop/CSE425/Project/Energy-Efficient-High-Performance-Machine-Learning-Algorithms/build/CMakeFiles/3.22.1/CMakeDetermineCompilerABI_C.bin'
Unable to find the executable at any of:
  /mnt/c/Users/Asus/Desktop/CSE425/Project/Energy-Efficient-High-Performance-Machine-Learning-Algorithms/build/CMakeFiles/CMakeTmp/cmTC_8a4e1
  /mnt/c/Users/Asus/Desktop/CSE425/Project/Energy-Efficient-High-Performance-Machine-Learning-Algorithms/build/CMakeFiles/CMakeTmp/Debug/cmTC_8a4e1
  /mnt/c/Users/Asus/Desktop/CSE425/Project/Energy-Efficient-High-Performance-Machine-Learning-Algorithms/build/CMakeFiles/CMakeTmp/Development/cmTC_8a4e1


Determining if the C compiler works failed with the following output:
Change Dir: /mnt/c/Users/Asus/Desktop/CSE425/Project/Energy-Efficient-High-Performance-Machine-Learning-Algorithms/build/CMakeFiles/CMakeTmp

Run Build Command(s):/usr/bin/gmake -f Makefile cmTC_d5b5e/fast && /usr/bin/gmake  -f CMakeFiles/cmTC_d5b5e.dir/build.make CMakeFiles/cmTC_d5b5e.dir/build
gmake[1]: Entering directory '/mnt/c/Users/Asus/Desktop/CSE425/Project/Energy-Efficient-High-Performance-Machine-Learning-Algorithms/build/CMakeFiles/CMakeTmp'
Building C object CMakeFiles/cmTC_d5b5e.dir/testCCompiler.c.o
/mnt/c/MinGW/bin/gcc.exe    -o CMakeFiles/cmTC_d5b5e.dir/testCCompiler.c.o -c /mnt/c/Users/Asus/Desktop/CSE425/Project/Energy-Efficient-High-Performance-Machine-Learning-Algorithms/build/CMakeFiles/CMakeTmp/testCCompiler.c
gcc.exe: error: /mnt/c/Users/Asus/Desktop/CSE425/Project/Energy-Efficient-High-Performance-Machine-Learning-Algorithms/build/CMakeFiles/CMakeTmp/testCCompiler.c: No such file or directory
gcc.exe: fatal error: no input files
compilation terminated.
gmake[1]: *** [CMakeFiles/cmTC_d5b5e.dir/build.make:78: CMakeFiles/cmTC_d5b5e.dir/testCCompiler.c.o] Error 1
gmake[1]: Leaving directory '/mnt/c/Users/Asus/Desktop/CSE425/Project/Energy-Efficient-High-Performance-Machine-Learning-Algorithms/build/CMakeFiles/CMakeTmp'
gmake: *** [Makefile:127: cmTC_d5b5e/fast] Error 2



Detecting C compiler ABI info failed to compile with the following output:
Change Dir: /mnt/c/Users/Asus/Desktop/CSE425/Project/Compiler-Performance-Tuning-With-ML-Algorithms-From-Scratch/build/CMakeFiles/CMakeTmp

Run Build Command(s):/usr/bin/gmake -f Makefile cmTC_14141/fast && /usr/bin/gmake  -f CMakeFiles/cmTC_14141.dir/build.make CMakeFiles/cmTC_14141.dir/build
gmake[1]: Entering directory '/mnt/c/Users/Asus/Desktop/CSE425/Project/Compiler-Performance-Tuning-With-ML-Algorithms-From-Scratch/build/CMakeFiles/CMakeTmp'
Building C object CMakeFiles/cmTC_14141.dir/CMakeCCompilerABI.c.o
/mnt/c/MinGW/bin/gcc.exe   -v -o CMakeFiles/cmTC_14141.dir/CMakeCCompilerABI.c.o -c /usr/share/cmake-3.22/Modules/CMakeCCompilerABI.c
gcc.exe: error: /usr/share/cmake-3.22/Modules/CMakeCCompilerABI.c: No such file or directory
Using built-in specs.
COLLECT_GCC=gcc.exe
Target: mingw32
Configured with: ../src/gcc-6.3.0/configure --build=x86_64-pc-linux-gnu --host=mingw32 --target=mingw32 --with-gmp=/mingw --with-mpfr --with-mpc=/mingw --with-isl=/mingw --prefix=/mingw --disable-win32-registry --with-arch=i586 --with-tune=generic --enable-languages=c,c++,objc,obj-c++,fortran,ada --with-pkgversion='MinGW.org GCC-6.3.0-1' --enable-static --enable-shared --enable-threads --with-dwarf2 --disable-sjlj-exceptions --enable-version-specific-runtime-libs --with-libiconv-prefix=/mingw --with-libintl-prefix=/mingw --enable-libstdcxx-debug --enable-libgomp --disable-libvtv --enable-nls
Thread model: win32
gcc version 6.3.0 (MinGW.org GCC-6.3.0-1) 
Linking C executable cmTC_14141
/usr/bin/cmake -E cmake_link_script CMakeFiles/cmTC_14141.dir/link.txt --verbose=1
/mnt/c/MinGW/bin/gcc.exe  -v CMakeFiles/cmTC_14141.dir/CMakeCCompilerABI.c.o -o cmTC_14141 
gcc.exe: error: CMakeFiles/cmTC_14141.dir/CMakeCCompilerABI.c.o: No such file or directory
Using built-in specs.
COLLECT_GCC=gcc.exe
COLLECT_LTO_WRAPPER=c:/mingw/bin/../libexec/gcc/mingw32/6.3.0/lto-wrapper.exe
Target: mingw32
Configured with: ../src/gcc-6.3.0/configure --build=x86_64-pc-linux-gnu --host=mingw32 --target=mingw32 --with-gmp=/mingw --with-mpfr --with-mpc=/mingw --with-isl=/mingw --prefix=/mingw --disable-win32-registry --with-arch=i586 --with-tune=generic --enable-languages=c,c++,objc,obj-c++,fortran,ada --with-pkgversion='MinGW.org GCC-6.3.0-1' --enable-static --enable-shared --enable-threads --with-dwarf2 --disable-sjlj-exceptions --enable-version-specific-runtime-libs --with-libiconv-prefix=/mingw --with-libintl-prefix=/mingw --enable-libstdcxx-debug --enable-libgomp --disable-libvtv --enable-nls
Thread model: win32
gcc version 6.3.0 (MinGW.org GCC-6.3.0-1) 
gmake[1]: Leaving directory '/mnt/c/Users/Asus/Desktop/CSE425/Project/Compiler-Performance-Tuning-With-ML-Algorithms-From-Scratch/build/CMakeFiles/CMakeTmp'


Cannot copy output executable
  ''
to destination specified by COPY_FILE:
  '/mnt/c/Users/Asus/Desktop/CSE425/Project/Compiler-Performance-Tuning-With-ML-Algorithms-From-Scratch/build/CMakeFiles/3.22.1/CMakeDetermineCompilerABI_C.bin'
Unable to find the executable at any of:
  /mnt/c/Users/Asus/Desktop/CSE425/Project/Compiler-Performance-Tuning-With-ML-Algorithms-From-Scratch/build/CMakeFiles/CMakeTmp/cmTC_14141
  /mnt/c/Users/Asus/Desktop/CSE425/Project/Compiler-Performance-Tuning-With-ML-Algorithms-From-Scratch/build/CMakeFiles/CMakeTmp/Debug/cmTC_14141
  /mnt/c/Users/Asus/Desktop/CSE425/Project/Compiler-Performance-Tuning-With-ML-Algorithms-From-Scratch/build/CMakeFiles/CMakeTmp/Development/cmTC_14141


Determining if the C compiler works failed with the following output:
Change Dir: /mnt/c/Users/Asus/Desktop/CSE425/Project/Compiler-Performance-Tuning-With-ML-Algorithms-From-Scratch/build/CMakeFiles/CMakeTmp

Run Build Command(s):/usr/bin/gmake -f Makefile cmTC_18ee5/fast && /usr/bin/gmake  -f CMakeFiles/cmTC_18ee5.dir/build.make CMakeFiles/cmTC_18ee5.dir/build
gmake[1]: Entering directory '/mnt/c/Users/Asus/Desktop/CSE425/Project/Compiler-Performance-Tuning-With-ML-Algorithms-From-Scratch/build/CMakeFiles/CMakeTmp'
Building C object CMakeFiles/cmTC_18ee5.dir/testCCompiler.c.o
/mnt/c/MinGW/bin/gcc.exe    -o CMakeFiles/cmTC_18ee5.dir/testCCompiler.c.o -c /mnt/c/Users/Asus/Desktop/CSE425/Project/Compiler-Performance-Tuning-With-ML-Algorithms-From-Scratch/build/CMakeFiles/CMakeTmp/testCCompiler.c
gcc.exe: error: /mnt/c/Users/Asus/Desktop/CSE425/Project/Compiler-Performance-Tuning-With-ML-Algorithms-From-Scratch/build/CMakeFiles/CMakeTmp/testCCompiler.c: No such file or directory
gcc.exe: fatal error: no input files
compilation terminated.
gmake[1]: *** [CMakeFiles/cmTC_18ee5.dir/build.make:78: CMakeFiles/cmTC_18ee5.dir/testCCompiler.c.o] Error 1
gmake[1]: Leaving directory '/mnt/c/Users/Asus/Desktop/CSE425/Project/Compiler-Performance-Tuning-With-ML-Algorithms-From-Scratch/build/CMakeFiles/CMakeTmp'
gmake: *** [Makefile:127: cmTC_18ee5/fast] Error 2



Detecting C compiler ABI info failed to compile with the following output:
Change Dir: /mnt/c/Users/Asus/Desktop/CSE425/Project/Compiler-Performance-Tuning-With-ML-Algorithms-From-Scratch/build/CMakeFiles/CMakeTmp

Run Build Command(s):/usr/bin/gmake -f Makefile cmTC_cd41b/fast && /usr/bin/gmake  -f CMakeFiles/cmTC_cd41b.dir/build.make CMakeFiles/cmTC_cd41b.dir/build
gmake[1]: Entering directory '/mnt/c/Users/Asus/Desktop/CSE425/Project/Compiler-Performance-Tuning-With-ML-Algorithms-From-Scratch/build/CMakeFiles/CMakeTmp'
Building C object CMakeFiles/cmTC_cd41b.dir/CMakeCCompilerABI.c.o
/mnt/c/MinGW/bin/gcc.exe   -v -o CMakeFiles/cmTC_cd41b.dir/CMakeCCompilerABI.c.o -c /usr/share/cmake-3.22/Modules/CMakeCCompilerABI.c
gcc.exe: error: /usr/share/cmake-3.22/Modules/CMakeCCompilerABI.c: No such file or directory
Using built-in specs.
COLLECT_GCC=gcc.exe
Target: mingw32
Configured with: ../src/gcc-6.3.0/configure --build=x86_64-pc-linux-gnu --host=mingw32 --target=mingw32 --with-gmp=/mingw --with-mpfr --with-mpc=/mingw --with-isl=/mingw --prefix=/mingw --disable-win32-registry --with-arch=i586 --with-tune=generic --enable-languages=c,c++,objc,obj-c++,fortran,ada --with-pkgversion='MinGW.org GCC-6.3.0-1' --enable-static --enable-shared --enable-threads --with-dwarf2 --disable-sjlj-exceptions --enable-version-specific-runtime-libs --with-libiconv-prefix=/mingw --with-libintl-prefix=/mingw --enable-libstdcxx-debug --enable-libgomp --disable-libvtv --enable-nls
Thread model: win32
gcc version 6.3.0 (MinGW.org GCC-6.3.0-1) 
Linking C executable cmTC_cd41b
/usr/bin/cmake -E cmake_link_script CMakeFiles/cmTC_cd41b.dir/link.txt --verbose=1
/mnt/c/MinGW/bin/gcc.exe  -v CMakeFiles/cmTC_cd41b.dir/CMakeCCompilerABI.c.o -o cmTC_cd41b 
gcc.exe: error: CMakeFiles/cmTC_cd41b.dir/CMakeCCompilerABI.c.o: No such file or directory
Using built-in specs.
COLLECT_GCC=gcc.exe
COLLECT_LTO_WRAPPER=c:/mingw/bin/../libexec/gcc/mingw32/6.3.0/lto-wrapper.exe
Target: mingw32
Configured with: ../src/gcc-6.3.0/configure --build=x86_64-pc-linux-gnu --host=mingw32 --target=mingw32 --with-gmp=/mingw --with-mpfr --with-mpc=/mingw --with-isl=/mingw --prefix=/mingw --disable-win32-registry --with-arch=i586 --with-tune=generic --enable-languages=c,c++,objc,obj-c++,fortran,ada --with-pkgversion='MinGW.org GCC-6.3.0-1' --enable-static --enable-shared --enable-threads --with-dwarf2 --disable-sjlj-exceptions --enable-version-specific-runtime-libs --with-libiconv-prefix=/mingw --with-libintl-prefix=/mingw --enable-libstdcxx-debug --enable-libgomp --disable-libvtv --enable-nls
Thread model: win32
gcc version 6.3.0 (MinGW.org GCC-6.3.0-1) 
gmake[1]: Leaving directory '/mnt/c/Users/Asus/Desktop/CSE425/Project/Compiler-Performance-Tuning-With-ML-Algorithms-From-Scratch/build/CMakeFiles/CMakeTmp'


Cannot copy output executable
  ''
to destination specified by COPY_FILE:
  '/mnt/c/Users/Asus/Desktop/CSE425/Project/Compiler-Performance-Tuning-With-ML-Algorithms-From-Scratch/build/CMakeFiles/3.22.1/CMakeDetermineCompilerABI_C.bin'
Unable to find the executable at any of:
  /mnt/c/Users/Asus/Desktop/CSE425/Project/Compiler-Performance-Tuning-With-ML-Algorithms-From-Scratch/build/CMakeFiles/CMakeTmp/cmTC_cd41b
  /mnt/c/Users/Asus/Desktop/CSE425/Project/Compiler-Performance-Tuning-With-ML-Algorithms-From-Scratch/build/CMakeFiles/CMakeTmp/Debug/cmTC_cd41b
  /mnt/c/Users/Asus/Desktop/CSE425/Project/Compiler-Performance-Tuning-With-ML-Algorithms-From-Scratch/build/CMakeFiles/CMakeTmp/Development/cmTC_cd41b


Determining if the C compiler works failed with the following output:
Change Dir: /mnt/c/Users/Asus/Desktop/CSE425/Project/Compiler-Performance-Tuning-With-ML-Algorithms-From-Scratch/build/CMakeFiles/CMakeTmp

Run Build Command(s):/usr/bin/gmake -f Makefile cmTC_0fb9b/fast && /usr/bin/gmake  -f CMakeFiles/cmTC_0fb9b.dir/build.make CMakeFiles/cmTC_0fb9b.dir/build
gmake[1]: Entering directory '/mnt/c/Users/Asus/Desktop/CSE425/Project/Compiler-Performance-Tuning-With-ML-Algorithms-From-Scratch/build/CMakeFiles/CMakeTmp'
Building C object CMakeFiles/cmTC_0fb9b.dir/testCCompiler.c.o
/mnt/c/MinGW/bin/gcc.exe    -o CMakeFiles/cmTC_0fb9b.dir/testCCompiler.c.o -c /mnt/c/Users/Asus/Desktop/CSE425/Project/Compiler-Performance-Tuning-With-ML-Algorithms-From-Scratch/build/CMakeFiles/CMakeTmp/testCCompiler.c
gcc.exe: error: /mnt/c/Users/Asus/Desktop/CSE425/Project/Compiler-Performance-Tuning-With-ML-Algorithms-From-Scratch/build/CMakeFiles/CMakeTmp/testCCompiler.c: No such file or directory
gcc.exe: fatal error: no input files
compilation terminated.
gmake[1]: *** [CMakeFiles/cmTC_0fb9b.dir/build.make:78: CMakeFiles/cmTC_0fb9b.dir/testCCompiler.c.o] Error 1
gmake[1]: Leaving directory '/mnt/c/Users/Asus/Desktop/CSE425/Project/Compiler-Performance-Tuning-With-ML-Algorithms-From-Scratch/build/CMakeFiles/CMakeTmp'
gmake: *** [Makefile:127: cmTC_0fb9b/fast] Error 2



Detecting C compiler ABI info failed to compile with the following output:
Change Dir: /mnt/c/Users/Asus/Desktop/CSE425/Project/Compiler-Performance-Tuning-With-ML-Algorithms-From-Scratch/build/CMakeFiles/CMakeTmp

Run Build Command(s):/usr/bin/gmake -f Makefile cmTC_be487/fast && /usr/bin/gmake  -f CMakeFiles/cmTC_be487.dir/build.make CMakeFiles/cmTC_be487.dir/build
gmake[1]: Entering directory '/mnt/c/Users/Asus/Desktop/CSE425/Project/Compiler-Performance-Tuning-With-ML-Algorithms-From-Scratch/build/CMakeFiles/CMakeTmp'
Building C object CMakeFiles/cmTC_be487.dir/CMakeCCompilerABI.c.o
/mnt/c/MinGW/bin/gcc.exe   -v -o CMakeFiles/cmTC_be487.dir/CMakeCCompilerABI.c.o -c /usr/share/cmake-3.22/Modules/CMakeCCompilerABI.c
gcc.exe: error: /usr/share/cmake-3.22/Modules/CMakeCCompilerABI.c: No such file or directory
Using built-in specs.
COLLECT_GCC=gcc.exe
Target: mingw32
Configured with: ../src/gcc-6.3.0/configure --build=x86_64-pc-linux-gnu --host=mingw32 --target=mingw32 --with-gmp=/mingw --with-mpfr --with-mpc=/mingw --with-isl=/mingw --prefix=/mingw --disable-win32-registry --with-arch=i586 --with-tune=generic --enable-languages=c,c++,objc,obj-c++,fortran,ada --with-pkgversion='MinGW.org GCC-6.3.0-1' --enable-static --enable-shared --enable-threads --with-dwarf2 --disable-sjlj-exceptions --enable-version-specific-runtime-libs --with-libiconv-prefix=/mingw --with-libintl-prefix=/mingw --enable-libstdcxx-debug --enable-libgomp --disable-libvtv --enable-nls
Thread model: win32
gcc version 6.3.0 (MinGW.org GCC-6.3.0-1) 
Linking C executable cmTC_be487
/usr/bin/cmake -E cmake_link_script CMakeFiles/cmTC_be487.dir/link.txt --verbose=1
/mnt/c/MinGW/bin/gcc.exe  -v CMakeFiles/cmTC_be487.dir/CMakeCCompilerABI.c.o -o cmTC_be487 
gcc.exe: error: CMakeFiles/cmTC_be487.dir/CMakeCCompilerABI.c.o: No such file or directory
Using built-in specs.
COLLECT_GCC=gcc.exe
COLLECT_LTO_WRAPPER=c:/mingw/bin/../libexec/gcc/mingw32/6.3.0/lto-wrapper.exe
Target: mingw32
Configured with: ../src/gcc-6.3.0/configure --build=x86_64-pc-linux-gnu --host=mingw32 --target=mingw32 --with-gmp=/mingw --with-mpfr --with-mpc=/mingw --with-isl=/mingw --prefix=/mingw --disable-win32-registry --with-arch=i586 --with-tune=generic --enable-languages=c,c++,objc,obj-c++,fortran,ada --with-pkgversion='MinGW.org GCC-6.3.0-1' --enable-static --enable-shared --enable-threads --with-dwarf2 --disable-sjlj-exceptions --enable-version-specific-runtime-libs --with-libiconv-prefix=/mingw --with-libintl-prefix=/mingw --enable-libstdcxx-debug --enable-libgomp --disable-libvtv --enable-nls
Thread model: win32
gcc version 6.3.0 (MinGW.org GCC-6.3.0-1) 
gmake[1]: Leaving directory '/mnt/c/Users/Asus/Desktop/CSE425/Project/Compiler-Performance-Tuning-With-ML-Algorithms-From-Scratch/build/CMakeFiles/CMakeTmp'


Cannot copy output executable
  ''
to destination specified by COPY_FILE:
  '/mnt/c/Users/Asus/Desktop/CSE425/Project/Compiler-Performance-Tuning-With-ML-Algorithms-From-Scratch/build/CMakeFiles/3.22.1/CMakeDetermineCompilerABI_C.bin'
Unable to find the executable at any of:
  /mnt/c/Users/Asus/Desktop/CSE425/Project/Compiler-Performance-Tuning-With-ML-Algorithms-From-Scratch/build/CMakeFiles/CMakeTmp/cmTC_be487
  /mnt/c/Users/Asus/Desktop/CSE425/Project/Compiler-Performance-Tuning-With-ML-Algorithms-From-Scratch/build/CMakeFiles/CMakeTmp/Debug/cmTC_be487
  /mnt/c/Users/Asus/Desktop/CSE425/Project/Compiler-Performance-Tuning-With-ML-Algorithms-From-Scratch/build/CMakeFiles/CMakeTmp/Development/cmTC_be487


Determining if the C compiler works failed with the following output:
Change Dir: /mnt/c/Users/Asus/Desktop/CSE425/Project/Compiler-Performance-Tuning-With-ML-Algorithms-From-Scratch/build/CMakeFiles/CMakeTmp

Run Build Command(s):/usr/bin/gmake -f Makefile cmTC_443d0/fast && /usr/bin/gmake  -f CMakeFiles/cmTC_443d0.dir/build.make CMakeFiles/cmTC_443d0.dir/build
gmake[1]: Entering directory '/mnt/c/Users/Asus/Desktop/CSE425/Project/Compiler-Performance-Tuning-With-ML-Algorithms-From-Scratch/build/CMakeFiles/CMakeTmp'
Building C object CMakeFiles/cmTC_443d0.dir/testCCompiler.c.o
/mnt/c/MinGW/bin/gcc.exe    -o CMakeFiles/cmTC_443d0.dir/testCCompiler.c.o -c /mnt/c/Users/Asus/Desktop/CSE425/Project/Compiler-Performance-Tuning-With-ML-Algorithms-From-Scratch/build/CMakeFiles/CMakeTmp/testCCompiler.c
gcc.exe: error: /mnt/c/Users/Asus/Desktop/CSE425/Project/Compiler-Performance-Tuning-With-ML-Algorithms-From-Scratch/build/CMakeFiles/CMakeTmp/testCCompiler.c: No such file or directory
gcc.exe: fatal error: no input files
compilation terminated.
gmake[1]: *** [CMakeFiles/cmTC_443d0.dir/build.make:78: CMakeFiles/cmTC_443d0.dir/testCCompiler.c.o] Error 1
gmake[1]: Leaving directory '/mnt/c/Users/Asus/Desktop/CSE425/Project/Compiler-Performance-Tuning-With-ML-Algorithms-From-Scratch/build/CMakeFiles/CMakeTmp'
gmake: *** [Makefile:127: cmTC_443d0/fast] Error 2



Detecting C compiler ABI info failed to compile with the following output:
Change Dir: /mnt/c/Users/Asus/Desktop/CSE425/Project/Compiler-Performance-Tuning-With-ML-Algorithms-From-Scratch/build/CMakeFiles/CMakeTmp

Run Build Command(s):/usr/bin/gmake -f Makefile cmTC_02acc/fast && /usr/bin/gmake  -f CMakeFiles/cmTC_02acc.dir/build.make CMakeFiles/cmTC_02acc.dir/build
gmake[1]: Entering directory '/mnt/c/Users/Asus/Desktop/CSE425/Project/Compiler-Performance-Tuning-With-ML-Algorithms-From-Scratch/build/CMakeFiles/CMakeTmp'
Building C object CMakeFiles/cmTC_02acc.dir/CMakeCCompilerABI.c.o
/mnt/c/MinGW/bin/gcc.exe   -v -o CMakeFiles/cmTC_02acc.dir/CMakeCCompilerABI.c.o -c /usr/share/cmake-3.22/Modules/CMakeCCompilerABI.c
gcc.exe: error: /usr/share/cmake-3.22/Modules/CMakeCCompilerABI.c: No such file or directory
Using built-in specs.
COLLECT_GCC=gcc.exe
Target: mingw32
Configured with: ../src/gcc-6.3.0/configure --build=x86_64-pc-linux-gnu --host=mingw32 --target=mingw32 --with-gmp=/mingw --with-mpfr --with-mpc=/mingw --with-isl=/mingw --prefix=/mingw --disable-win32-registry --with-arch=i586 --with-tune=generic --enable-languages=c,c++,objc,obj-c++,fortran,ada --with-pkgversion='MinGW.org GCC-6.3.0-1' --enable-static --enable-shared --enable-threads --with-dwarf2 --disable-sjlj-exceptions --enable-version-specific-runtime-libs --with-libiconv-prefix=/mingw --with-libintl-prefix=/mingw --enable-libstdcxx-debug --enable-libgomp --disable-libvtv --enable-nls
Thread model: win32
gcc version 6.3.0 (MinGW.org GCC-6.3.0-1) 
Linking C executable cmTC_02acc
/usr/bin/cmake -E cmake_link_script CMakeFiles/cmTC_02acc.dir/link.txt --verbose=1
/mnt/c/MinGW/bin/gcc.exe  -v CMakeFiles/cmTC_02acc.dir/CMakeCCompilerABI.c.o -o cmTC_02acc 
gcc.exe: error: CMakeFiles/cmTC_02acc.dir/CMakeCCompilerABI.c.o: No such file or directory
Using built-in specs.
COLLECT_GCC=gcc.exe
COLLECT_LTO_WRAPPER=c:/mingw/bin/../libexec/gcc/mingw32/6.3.0/lto-wrapper.exe
Target: mingw32
Configured with: ../src/gcc-6.3.0/configure --build=x86_64-pc-linux-gnu --host=mingw32 --target=mingw32 --with-gmp=/mingw --with-mpfr --with-mpc=/mingw --with-isl=/mingw --prefix=/mingw --disable-win32-registry --with-arch=i586 --with-tune=generic --enable-languages=c,c++,objc,obj-c++,fortran,ada --with-pkgversion='MinGW.org GCC-6.3.0-1' --enable-static --enable-shared --enable-threads --with-dwarf2 --disable-sjlj-exceptions --enable-version-specific-runtime-libs --with-libiconv-prefix=/mingw --with-libintl-prefix=/mingw --enable-libstdcxx-debug --enable-libgomp --disable-libvtv --enable-nls
Thread model: win32
gcc version 6.3.0 (MinGW.org GCC-6.3.0-1) 
gmake[1]: Leaving directory '/mnt/c/Users/Asus/Desktop/CSE425/Project/Compiler-Performance-Tuning-With-ML-Algorithms-From-Scratch/build/CMakeFiles/CMakeTmp'


Cannot copy output executable
  ''
to destination specified by COPY_FILE:
  '/mnt/c/Users/Asus/Desktop/CSE425/Project/Compiler-Performance-Tuning-With-ML-Algorithms-From-Scratch/build/CMakeFiles/3.22.1/CMakeDetermineCompilerABI_C.bin'
Unable to find the executable at any of:
  /mnt/c/Users/Asus/Desktop/CSE425/Project/Compiler-Performance-Tuning-With-ML-Algorithms-From-Scratch/build/CMakeFiles/CMakeTmp/cmTC_02acc
  /mnt/c/Users/Asus/Desktop/CSE425/Project/Compiler-Performance-Tuning-With-ML-Algorithms-From-Scratch/build/CMakeFiles/CMakeTmp/Debug/cmTC_02acc
  /mnt/c/Users/Asus/Desktop/CSE425/Project/Compiler-Performance-Tuning-With-ML-Algorithms-From-Scratch/build/CMakeFiles/CMakeTmp/Development/cmTC_02acc


Determining if the C compiler works failed with the following output:
Change Dir: /mnt/c/Users/Asus/Desktop/CSE425/Project/Compiler-Performance-Tuning-With-ML-Algorithms-From-Scratch/build/CMakeFiles/CMakeTmp

Run Build Command(s):/usr/bin/gmake -f Makefile cmTC_4d652/fast && /usr/bin/gmake  -f CMakeFiles/cmTC_4d652.dir/build.make CMakeFiles/cmTC_4d652.dir/build
gmake[1]: Entering directory '/mnt/c/Users/Asus/Desktop/CSE425/Project/Compiler-Performance-Tuning-With-ML-Algorithms-From-Scratch/build/CMakeFiles/CMakeTmp'
Building C object CMakeFiles/cmTC_4d652.dir/testCCompiler.c.o
/mnt/c/MinGW/bin/gcc.exe    -o CMakeFiles/cmTC_4d652.dir/testCCompiler.c.o -c /mnt/c/Users/Asus/Desktop/CSE425/Project/Compiler-Performance-Tuning-With-ML-Algorithms-From-Scratch/build/CMakeFiles/CMakeTmp/testCCompiler.c
gcc.exe: error: /mnt/c/Users/Asus/Desktop/CSE425/Project/Compiler-Performance-Tuning-With-ML-Algorithms-From-Scratch/build/CMakeFiles/CMakeTmp/testCCompiler.c: No such file or directory
gcc.exe: fatal error: no input files
compilation terminated.
gmake[1]: *** [CMakeFiles/cmTC_4d652.dir/build.make:78: CMakeFiles/cmTC_4d652.dir/testCCompiler.c.o] Error 1
gmake[1]: Leaving directory '/mnt/c/Users/Asus/Desktop/CSE425/Project/Compiler-Performance-Tuning-With-ML-Algorithms-From-Scratch/build/CMakeFiles/CMakeTmp'
gmake: *** [Makefile:127: cmTC_4d652/fast] Error 2



Detecting C compiler ABI info failed to compile with the following output:
Change Dir: /mnt/c/Users/Asus/Desktop/CSE425/Project/Compiler-Performance-Tuning-With-ML-Algorithms-From-Scratch/build/CMakeFiles/CMakeTmp

Run Build Command(s):/usr/bin/gmake -f Makefile cmTC_0e8a0/fast && /usr/bin/gmake  -f CMakeFiles/cmTC_0e8a0.dir/build.make CMakeFiles/cmTC_0e8a0.dir/build
gmake[1]: Entering directory '/mnt/c/Users/Asus/Desktop/CSE425/Project/Compiler-Performance-Tuning-With-ML-Algorithms-From-Scratch/build/CMakeFiles/CMakeTmp'
Building C object CMakeFiles/cmTC_0e8a0.dir/CMakeCCompilerABI.c.o
/mnt/c/MinGW/bin/gcc.exe   -v -o CMakeFiles/cmTC_0e8a0.dir/CMakeCCompilerABI.c.o -c /usr/share/cmake-3.22/Modules/CMakeCCompilerABI.c
gcc.exe: error: /usr/share/cmake-3.22/Modules/CMakeCCompilerABI.c: No such file or directory
Using built-in specs.
COLLECT_GCC=gcc.exe
Target: mingw32
Configured with: ../src/gcc-6.3.0/configure --build=x86_64-pc-linux-gnu --host=mingw32 --target=mingw32 --with-gmp=/mingw --with-mpfr --with-mpc=/mingw --with-isl=/mingw --prefix=/mingw --disable-win32-registry --with-arch=i586 --with-tune=generic --enable-languages=c,c++,objc,obj-c++,fortran,ada --with-pkgversion='MinGW.org GCC-6.3.0-1' --enable-static --enable-shared --enable-threads --with-dwarf2 --disable-sjlj-exceptions --enable-version-specific-runtime-libs --with-libiconv-prefix=/mingw --with-libintl-prefix=/mingw --enable-libstdcxx-debug --enable-libgomp --disable-libvtv --enable-nls
Thread model: win32
gcc version 6.3.0 (MinGW.org GCC-6.3.0-1) 
Linking C executable cmTC_0e8a0
/usr/bin/cmake -E cmake_link_script CMakeFiles/cmTC_0e8a0.dir/link.txt --verbose=1
/mnt/c/MinGW/bin/gcc.exe  -v CMakeFiles/cmTC_0e8a0.dir/CMakeCCompilerABI.c.o -o cmTC_0e8a0 
gcc.exe: error: CMakeFiles/cmTC_0e8a0.dir/CMakeCCompilerABI.c.o: No such file or directory
Using built-in specs.
COLLECT_GCC=gcc.exe
COLLECT_LTO_WRAPPER=c:/mingw/bin/../libexec/gcc/mingw32/6.3.0/lto-wrapper.exe
Target: mingw32
Configured with: ../src/gcc-6.3.0/configure --build=x86_64-pc-linux-gnu --host=mingw32 --target=mingw32 --with-gmp=/mingw --with-mpfr --with-mpc=/mingw --with-isl=/mingw --prefix=/mingw --disable-win32-registry --with-arch=i586 --with-tune=generic --enable-languages=c,c++,objc,obj-c++,fortran,ada --with-pkgversion='MinGW.org GCC-6.3.0-1' --enable-static --enable-shared --enable-threads --with-dwarf2 --disable-sjlj-exceptions --enable-version-specific-runtime-libs --with-libiconv-prefix=/mingw --with-libintl-prefix=/mingw --enable-libstdcxx-debug --enable-libgomp --disable-libvtv --enable-nls
Thread model: win32
gcc version 6.3.0 (MinGW.org GCC-6.3.0-1) 
gmake[1]: Leaving directory '/mnt/c/Users/Asus/Desktop/CSE425/Project/Compiler-Performance-Tuning-With-ML-Algorithms-From-Scratch/build/CMakeFiles/CMakeTmp'


Cannot copy output executable
  ''
to destination specified by COPY_FILE:
  '/mnt/c/Users/Asus/Desktop/CSE425/Project/Compiler-Performance-Tuning-With-ML-Algorithms-From-Scratch/build/CMakeFiles/3.22.1/CMakeDetermineCompilerABI_C.bin'
Unable to find the executable at any of:
  /mnt/c/Users/Asus/Desktop/CSE425/Project/Compiler-Performance-Tuning-With-ML-Algorithms-From-Scratch/build/CMakeFiles/CMakeTmp/cmTC_0e8a0
  /mnt/c/Users/Asus/Desktop/CSE425/Project/Compiler-Performance-Tuning-With-ML-Algorithms-From-Scratch/build/CMakeFiles/CMakeTmp/Debug/cmTC_0e8a0
  /mnt/c/Users/Asus/Desktop/CSE425/Project/Compiler-Performance-Tuning-With-ML-Algorithms-From-Scratch/build/CMakeFiles/CMakeTmp/Development/cmTC_0e8a0


Determining if the C compiler works failed with the following output:
Change Dir: /mnt/c/Users/Asus/Desktop/CSE425/Project/Compiler-Performance-Tuning-With-ML-Algorithms-From-Scratch/build/CMakeFiles/CMakeTmp

Run Build Command(s):/usr/bin/gmake -f Makefile cmTC_8e73b/fast && /usr/bin/gmake  -f CMakeFiles/cmTC_8e73b.dir/build.make CMakeFiles/cmTC_8e73b.dir/build
gmake[1]: Entering directory '/mnt/c/Users/Asus/Desktop/CSE425/Project/Compiler-Performance-Tuning-With-ML-Algorithms-From-Scratch/build/CMakeFiles/CMakeTmp'
Building C object CMakeFiles/cmTC_8e73b.dir/testCCompiler.c.o
/mnt/c/MinGW/bin/gcc.exe    -o CMakeFiles/cmTC_8e73b.dir/testCCompiler.c.o -c /mnt/c/Users/Asus/Desktop/CSE425/Project/Compiler-Performance-Tuning-With-ML-Algorithms-From-Scratch/build/CMakeFiles/CMakeTmp/testCCompiler.c
gcc.exe: error: /mnt/c/Users/Asus/Desktop/CSE425/Project/Compiler-Performance-Tuning-With-ML-Algorithms-From-Scratch/build/CMakeFiles/CMakeTmp/testCCompiler.c: No such file or directory
gcc.exe: fatal error: no input files
compilation terminated.
gmake[1]: *** [CMakeFiles/cmTC_8e73b.dir/build.make:78: CMakeFiles/cmTC_8e73b.dir/testCCompiler.c.o] Error 1
gmake[1]: Leaving directory '/mnt/c/Users/Asus/Desktop/CSE425/Project/Compiler-Performance-Tuning-With-ML-Algorithms-From-Scratch/build/CMakeFiles/CMakeTmp'
gmake: *** [Makefile:127: cmTC_8e73b/fast] Error 2



